<?xml version="1.0" encoding="UTF-8"?>
<testsuite xmlns:xsi="http://www.w3.org/2001/XMLSchema-instance" xsi:noNamespaceSchemaLocation="https://maven.apache.org/surefire/maven-surefire-plugin/xsd/surefire-test-report.xsd" name="com.nex.service.web.SysUserServiceTest" time="8.001" tests="1" errors="0" skipped="0" failures="0">
  <properties>
    <property name="sun.desktop" value="windows"/>
    <property name="awt.toolkit" value="sun.awt.windows.WToolkit"/>
    <property name="file.encoding.pkg" value="sun.io"/>
    <property name="java.specification.version" value="1.8"/>
    <property name="sun.cpu.isalist" value="amd64"/>
    <property name="sun.jnu.encoding" value="GBK"/>
    <property name="java.class.path" value="D:\gitRepository\PublicOpinionSystem\project\PublicOpinionSystem\target\test-classes;D:\gitRepository\PublicOpinionSystem\project\PublicOpinionSystem\target\classes;D:\module\Maven\maven_repository\org\springframework\boot\spring-boot-starter\2.1.3.RELEASE\spring-boot-starter-2.1.3.RELEASE.jar;D:\module\Maven\maven_repository\org\springframework\boot\spring-boot\2.1.3.RELEASE\spring-boot-2.1.3.RELEASE.jar;D:\module\Maven\maven_repository\org\springframework\spring-context\5.1.5.RELEASE\spring-context-5.1.5.RELEASE.jar;D:\module\Maven\maven_repository\org\springframework\boot\spring-boot-autoconfigure\2.1.3.RELEASE\spring-boot-autoconfigure-2.1.3.RELEASE.jar;D:\module\Maven\maven_repository\org\springframework\boot\spring-boot-starter-logging\2.1.3.RELEASE\spring-boot-starter-logging-2.1.3.RELEASE.jar;D:\module\Maven\maven_repository\ch\qos\logback\logback-classic\1.2.3\logback-classic-1.2.3.jar;D:\module\Maven\maven_repository\ch\qos\logback\logback-core\1.2.3\logback-core-1.2.3.jar;D:\module\Maven\maven_repository\org\apache\logging\log4j\log4j-to-slf4j\2.11.2\log4j-to-slf4j-2.11.2.jar;D:\module\Maven\maven_repository\org\slf4j\jul-to-slf4j\1.7.25\jul-to-slf4j-1.7.25.jar;D:\module\Maven\maven_repository\javax\annotation\javax.annotation-api\1.3.2\javax.annotation-api-1.3.2.jar;D:\module\Maven\maven_repository\org\springframework\spring-core\5.1.5.RELEASE\spring-core-5.1.5.RELEASE.jar;D:\module\Maven\maven_repository\org\springframework\spring-jcl\5.1.5.RELEASE\spring-jcl-5.1.5.RELEASE.jar;D:\module\Maven\maven_repository\org\yaml\snakeyaml\1.23\snakeyaml-1.23.jar;D:\module\Maven\maven_repository\org\springframework\boot\spring-boot-starter-test\2.1.3.RELEASE\spring-boot-starter-test-2.1.3.RELEASE.jar;D:\module\Maven\maven_repository\org\springframework\boot\spring-boot-test\2.1.3.RELEASE\spring-boot-test-2.1.3.RELEASE.jar;D:\module\Maven\maven_repository\org\springframework\boot\spring-boot-test-autoconfigure\2.1.3.RELEASE\spring-boot-test-autoconfigure-2.1.3.RELEASE.jar;D:\module\Maven\maven_repository\com\jayway\jsonpath\json-path\2.4.0\json-path-2.4.0.jar;D:\module\Maven\maven_repository\net\minidev\json-smart\2.3\json-smart-2.3.jar;D:\module\Maven\maven_repository\net\minidev\accessors-smart\1.2\accessors-smart-1.2.jar;D:\module\Maven\maven_repository\org\ow2\asm\asm\5.0.4\asm-5.0.4.jar;D:\module\Maven\maven_repository\org\assertj\assertj-core\3.11.1\assertj-core-3.11.1.jar;D:\module\Maven\maven_repository\org\mockito\mockito-core\2.23.4\mockito-core-2.23.4.jar;D:\module\Maven\maven_repository\net\bytebuddy\byte-buddy\1.9.10\byte-buddy-1.9.10.jar;D:\module\Maven\maven_repository\net\bytebuddy\byte-buddy-agent\1.9.10\byte-buddy-agent-1.9.10.jar;D:\module\Maven\maven_repository\org\objenesis\objenesis\2.6\objenesis-2.6.jar;D:\module\Maven\maven_repository\org\hamcrest\hamcrest-core\1.3\hamcrest-core-1.3.jar;D:\module\Maven\maven_repository\org\hamcrest\hamcrest-library\1.3\hamcrest-library-1.3.jar;D:\module\Maven\maven_repository\org\skyscreamer\jsonassert\1.5.0\jsonassert-1.5.0.jar;D:\module\Maven\maven_repository\com\vaadin\external\google\android-json\0.0.20131108.vaadin1\android-json-0.0.20131108.vaadin1.jar;D:\module\Maven\maven_repository\org\springframework\spring-test\5.1.5.RELEASE\spring-test-5.1.5.RELEASE.jar;D:\module\Maven\maven_repository\org\xmlunit\xmlunit-core\2.6.2\xmlunit-core-2.6.2.jar;D:\module\Maven\maven_repository\org\springframework\boot\spring-boot-devtools\2.1.3.RELEASE\spring-boot-devtools-2.1.3.RELEASE.jar;D:\module\Maven\maven_repository\org\springframework\boot\spring-boot-starter-web\2.1.3.RELEASE\spring-boot-starter-web-2.1.3.RELEASE.jar;D:\module\Maven\maven_repository\org\springframework\boot\spring-boot-starter-json\2.1.3.RELEASE\spring-boot-starter-json-2.1.3.RELEASE.jar;D:\module\Maven\maven_repository\com\fasterxml\jackson\core\jackson-databind\2.9.8\jackson-databind-2.9.8.jar;D:\module\Maven\maven_repository\com\fasterxml\jackson\core\jackson-annotations\2.9.0\jackson-annotations-2.9.0.jar;D:\module\Maven\maven_repository\com\fasterxml\jackson\core\jackson-core\2.9.8\jackson-core-2.9.8.jar;D:\module\Maven\maven_repository\com\fasterxml\jackson\datatype\jackson-datatype-jdk8\2.9.8\jackson-datatype-jdk8-2.9.8.jar;D:\module\Maven\maven_repository\com\fasterxml\jackson\datatype\jackson-datatype-jsr310\2.9.8\jackson-datatype-jsr310-2.9.8.jar;D:\module\Maven\maven_repository\com\fasterxml\jackson\module\jackson-module-parameter-names\2.9.8\jackson-module-parameter-names-2.9.8.jar;D:\module\Maven\maven_repository\org\springframework\boot\spring-boot-starter-tomcat\2.1.3.RELEASE\spring-boot-starter-tomcat-2.1.3.RELEASE.jar;D:\module\Maven\maven_repository\org\apache\tomcat\embed\tomcat-embed-core\9.0.16\tomcat-embed-core-9.0.16.jar;D:\module\Maven\maven_repository\org\apache\tomcat\embed\tomcat-embed-el\9.0.16\tomcat-embed-el-9.0.16.jar;D:\module\Maven\maven_repository\org\apache\tomcat\embed\tomcat-embed-websocket\9.0.16\tomcat-embed-websocket-9.0.16.jar;D:\module\Maven\maven_repository\org\hibernate\validator\hibernate-validator\6.0.14.Final\hibernate-validator-6.0.14.Final.jar;D:\module\Maven\maven_repository\javax\validation\validation-api\2.0.1.Final\validation-api-2.0.1.Final.jar;D:\module\Maven\maven_repository\org\jboss\logging\jboss-logging\3.3.2.Final\jboss-logging-3.3.2.Final.jar;D:\module\Maven\maven_repository\com\fasterxml\classmate\1.4.0\classmate-1.4.0.jar;D:\module\Maven\maven_repository\org\springframework\spring-web\5.1.5.RELEASE\spring-web-5.1.5.RELEASE.jar;D:\module\Maven\maven_repository\org\springframework\spring-beans\5.1.5.RELEASE\spring-beans-5.1.5.RELEASE.jar;D:\module\Maven\maven_repository\org\springframework\spring-webmvc\5.1.5.RELEASE\spring-webmvc-5.1.5.RELEASE.jar;D:\module\Maven\maven_repository\org\springframework\spring-aop\5.1.5.RELEASE\spring-aop-5.1.5.RELEASE.jar;D:\module\Maven\maven_repository\org\springframework\spring-expression\5.1.5.RELEASE\spring-expression-5.1.5.RELEASE.jar;D:\module\Maven\maven_repository\org\springframework\boot\spring-boot-starter-data-jpa\2.1.3.RELEASE\spring-boot-starter-data-jpa-2.1.3.RELEASE.jar;D:\module\Maven\maven_repository\org\springframework\boot\spring-boot-starter-aop\2.1.3.RELEASE\spring-boot-starter-aop-2.1.3.RELEASE.jar;D:\module\Maven\maven_repository\org\aspectj\aspectjweaver\1.9.2\aspectjweaver-1.9.2.jar;D:\module\Maven\maven_repository\org\springframework\boot\spring-boot-starter-jdbc\2.1.3.RELEASE\spring-boot-starter-jdbc-2.1.3.RELEASE.jar;D:\module\Maven\maven_repository\com\zaxxer\HikariCP\3.2.0\HikariCP-3.2.0.jar;D:\module\Maven\maven_repository\org\springframework\spring-jdbc\5.1.5.RELEASE\spring-jdbc-5.1.5.RELEASE.jar;D:\module\Maven\maven_repository\javax\transaction\javax.transaction-api\1.3\javax.transaction-api-1.3.jar;D:\module\Maven\maven_repository\javax\xml\bind\jaxb-api\2.3.1\jaxb-api-2.3.1.jar;D:\module\Maven\maven_repository\javax\activation\javax.activation-api\1.2.0\javax.activation-api-1.2.0.jar;D:\module\Maven\maven_repository\org\hibernate\hibernate-core\5.3.7.Final\hibernate-core-5.3.7.Final.jar;D:\module\Maven\maven_repository\javax\persistence\javax.persistence-api\2.2\javax.persistence-api-2.2.jar;D:\module\Maven\maven_repository\org\javassist\javassist\3.23.1-GA\javassist-3.23.1-GA.jar;D:\module\Maven\maven_repository\antlr\antlr\2.7.7\antlr-2.7.7.jar;D:\module\Maven\maven_repository\org\jboss\jandex\2.0.5.Final\jandex-2.0.5.Final.jar;D:\module\Maven\maven_repository\org\dom4j\dom4j\2.1.1\dom4j-2.1.1.jar;D:\module\Maven\maven_repository\org\hibernate\common\hibernate-commons-annotations\5.0.4.Final\hibernate-commons-annotations-5.0.4.Final.jar;D:\module\Maven\maven_repository\org\springframework\data\spring-data-jpa\2.1.5.RELEASE\spring-data-jpa-2.1.5.RELEASE.jar;D:\module\Maven\maven_repository\org\springframework\data\spring-data-commons\2.1.5.RELEASE\spring-data-commons-2.1.5.RELEASE.jar;D:\module\Maven\maven_repository\org\springframework\spring-orm\5.1.5.RELEASE\spring-orm-5.1.5.RELEASE.jar;D:\module\Maven\maven_repository\org\springframework\spring-tx\5.1.5.RELEASE\spring-tx-5.1.5.RELEASE.jar;D:\module\Maven\maven_repository\org\springframework\spring-aspects\5.1.5.RELEASE\spring-aspects-5.1.5.RELEASE.jar;D:\module\Maven\maven_repository\mysql\mysql-connector-java\8.0.15\mysql-connector-java-8.0.15.jar;D:\module\Maven\maven_repository\org\apache\hadoop\hadoop-common\2.7.2\hadoop-common-2.7.2.jar;D:\module\Maven\maven_repository\org\apache\hadoop\hadoop-annotations\2.7.2\hadoop-annotations-2.7.2.jar;D:\module\Java\jdk1.8.0_144\jre\..\lib\tools.jar;D:\module\Maven\maven_repository\com\google\guava\guava\11.0.2\guava-11.0.2.jar;D:\module\Maven\maven_repository\commons-cli\commons-cli\1.2\commons-cli-1.2.jar;D:\module\Maven\maven_repository\org\apache\commons\commons-math3\3.1.1\commons-math3-3.1.1.jar;D:\module\Maven\maven_repository\xmlenc\xmlenc\0.52\xmlenc-0.52.jar;D:\module\Maven\maven_repository\commons-httpclient\commons-httpclient\3.1\commons-httpclient-3.1.jar;D:\module\Maven\maven_repository\commons-codec\commons-codec\1.11\commons-codec-1.11.jar;D:\module\Maven\maven_repository\commons-io\commons-io\2.4\commons-io-2.4.jar;D:\module\Maven\maven_repository\commons-net\commons-net\3.1\commons-net-3.1.jar;D:\module\Maven\maven_repository\commons-collections\commons-collections\3.2.2\commons-collections-3.2.2.jar;D:\module\Maven\maven_repository\javax\servlet\servlet-api\2.5\servlet-api-2.5.jar;D:\module\Maven\maven_repository\org\mortbay\jetty\jetty\6.1.26\jetty-6.1.26.jar;D:\module\Maven\maven_repository\org\mortbay\jetty\jetty-util\6.1.26\jetty-util-6.1.26.jar;D:\module\Maven\maven_repository\javax\servlet\jsp\jsp-api\2.1\jsp-api-2.1.jar;D:\module\Maven\maven_repository\com\sun\jersey\jersey-core\1.9\jersey-core-1.9.jar;D:\module\Maven\maven_repository\com\sun\jersey\jersey-json\1.9\jersey-json-1.9.jar;D:\module\Maven\maven_repository\org\codehaus\jettison\jettison\1.1\jettison-1.1.jar;D:\module\Maven\maven_repository\com\sun\xml\bind\jaxb-impl\2.2.3-1\jaxb-impl-2.2.3-1.jar;D:\module\Maven\maven_repository\org\codehaus\jackson\jackson-jaxrs\1.8.3\jackson-jaxrs-1.8.3.jar;D:\module\Maven\maven_repository\org\codehaus\jackson\jackson-xc\1.8.3\jackson-xc-1.8.3.jar;D:\module\Maven\maven_repository\com\sun\jersey\jersey-server\1.9\jersey-server-1.9.jar;D:\module\Maven\maven_repository\asm\asm\3.1\asm-3.1.jar;D:\module\Maven\maven_repository\commons-logging\commons-logging\1.1.3\commons-logging-1.1.3.jar;D:\module\Maven\maven_repository\log4j\log4j\1.2.17\log4j-1.2.17.jar;D:\module\Maven\maven_repository\net\java\dev\jets3t\jets3t\0.9.0\jets3t-0.9.0.jar;D:\module\Maven\maven_repository\org\apache\httpcomponents\httpclient\4.5.7\httpclient-4.5.7.jar;D:\module\Maven\maven_repository\org\apache\httpcomponents\httpcore\4.4.11\httpcore-4.4.11.jar;D:\module\Maven\maven_repository\com\jamesmurty\utils\java-xmlbuilder\0.4\java-xmlbuilder-0.4.jar;D:\module\Maven\maven_repository\commons-lang\commons-lang\2.6\commons-lang-2.6.jar;D:\module\Maven\maven_repository\commons-configuration\commons-configuration\1.6\commons-configuration-1.6.jar;D:\module\Maven\maven_repository\commons-digester\commons-digester\1.8\commons-digester-1.8.jar;D:\module\Maven\maven_repository\commons-beanutils\commons-beanutils\1.7.0\commons-beanutils-1.7.0.jar;D:\module\Maven\maven_repository\commons-beanutils\commons-beanutils-core\1.8.0\commons-beanutils-core-1.8.0.jar;D:\module\Maven\maven_repository\org\slf4j\slf4j-api\1.7.25\slf4j-api-1.7.25.jar;D:\module\Maven\maven_repository\org\slf4j\slf4j-log4j12\1.7.25\slf4j-log4j12-1.7.25.jar;D:\module\Maven\maven_repository\org\codehaus\jackson\jackson-core-asl\1.9.13\jackson-core-asl-1.9.13.jar;D:\module\Maven\maven_repository\org\codehaus\jackson\jackson-mapper-asl\1.9.13\jackson-mapper-asl-1.9.13.jar;D:\module\Maven\maven_repository\org\apache\avro\avro\1.7.4\avro-1.7.4.jar;D:\module\Maven\maven_repository\com\thoughtworks\paranamer\paranamer\2.3\paranamer-2.3.jar;D:\module\Maven\maven_repository\org\xerial\snappy\snappy-java\1.0.4.1\snappy-java-1.0.4.1.jar;D:\module\Maven\maven_repository\com\google\protobuf\protobuf-java\2.5.0\protobuf-java-2.5.0.jar;D:\module\Maven\maven_repository\com\google\code\gson\gson\2.8.5\gson-2.8.5.jar;D:\module\Maven\maven_repository\org\apache\hadoop\hadoop-auth\2.7.2\hadoop-auth-2.7.2.jar;D:\module\Maven\maven_repository\org\apache\directory\server\apacheds-kerberos-codec\2.0.0-M15\apacheds-kerberos-codec-2.0.0-M15.jar;D:\module\Maven\maven_repository\org\apache\directory\server\apacheds-i18n\2.0.0-M15\apacheds-i18n-2.0.0-M15.jar;D:\module\Maven\maven_repository\org\apache\directory\api\api-asn1-api\1.0.0-M20\api-asn1-api-1.0.0-M20.jar;D:\module\Maven\maven_repository\org\apache\directory\api\api-util\1.0.0-M20\api-util-1.0.0-M20.jar;D:\module\Maven\maven_repository\org\apache\curator\curator-framework\2.7.1\curator-framework-2.7.1.jar;D:\module\Maven\maven_repository\org\apache\curator\curator-client\2.7.1\curator-client-2.7.1.jar;D:\module\Maven\maven_repository\org\apache\curator\curator-recipes\2.7.1\curator-recipes-2.7.1.jar;D:\module\Maven\maven_repository\com\google\code\findbugs\jsr305\3.0.0\jsr305-3.0.0.jar;D:\module\Maven\maven_repository\org\apache\htrace\htrace-core\3.1.0-incubating\htrace-core-3.1.0-incubating.jar;D:\module\Maven\maven_repository\org\apache\zookeeper\zookeeper\3.4.6\zookeeper-3.4.6.jar;D:\module\Maven\maven_repository\org\apache\commons\commons-compress\1.4.1\commons-compress-1.4.1.jar;D:\module\Maven\maven_repository\org\tukaani\xz\1.0\xz-1.0.jar;D:\module\Maven\maven_repository\org\apache\hadoop\hadoop-client\2.7.2\hadoop-client-2.7.2.jar;D:\module\Maven\maven_repository\org\apache\hadoop\hadoop-mapreduce-client-app\2.7.2\hadoop-mapreduce-client-app-2.7.2.jar;D:\module\Maven\maven_repository\org\apache\hadoop\hadoop-mapreduce-client-common\2.7.2\hadoop-mapreduce-client-common-2.7.2.jar;D:\module\Maven\maven_repository\org\apache\hadoop\hadoop-yarn-client\2.7.2\hadoop-yarn-client-2.7.2.jar;D:\module\Maven\maven_repository\org\apache\hadoop\hadoop-yarn-server-common\2.7.2\hadoop-yarn-server-common-2.7.2.jar;D:\module\Maven\maven_repository\org\apache\hadoop\hadoop-mapreduce-client-shuffle\2.7.2\hadoop-mapreduce-client-shuffle-2.7.2.jar;D:\module\Maven\maven_repository\org\apache\hadoop\hadoop-yarn-api\2.7.2\hadoop-yarn-api-2.7.2.jar;D:\module\Maven\maven_repository\org\apache\hadoop\hadoop-mapreduce-client-core\2.7.2\hadoop-mapreduce-client-core-2.7.2.jar;D:\module\Maven\maven_repository\org\apache\hadoop\hadoop-yarn-common\2.7.2\hadoop-yarn-common-2.7.2.jar;D:\module\Maven\maven_repository\com\sun\jersey\jersey-client\1.9\jersey-client-1.9.jar;D:\module\Maven\maven_repository\org\apache\hadoop\hadoop-mapreduce-client-jobclient\2.7.2\hadoop-mapreduce-client-jobclient-2.7.2.jar;D:\module\Maven\maven_repository\org\apache\hadoop\hadoop-hdfs\2.7.2\hadoop-hdfs-2.7.2.jar;D:\module\Maven\maven_repository\commons-daemon\commons-daemon\1.0.13\commons-daemon-1.0.13.jar;D:\module\Maven\maven_repository\io\netty\netty\3.6.2.Final\netty-3.6.2.Final.jar;D:\module\Maven\maven_repository\io\netty\netty-all\4.1.33.Final\netty-all-4.1.33.Final.jar;D:\module\Maven\maven_repository\xerces\xercesImpl\2.9.1\xercesImpl-2.9.1.jar;D:\module\Maven\maven_repository\xml-apis\xml-apis\1.4.01\xml-apis-1.4.01.jar;D:\module\Maven\maven_repository\org\fusesource\leveldbjni\leveldbjni-all\1.8\leveldbjni-all-1.8.jar;D:\module\Maven\maven_repository\org\jetbrains\annotations\19.0.0\annotations-19.0.0.jar;D:\module\Maven\maven_repository\com\alibaba\fastjson\1.2.61\fastjson-1.2.61.jar;D:\module\Maven\maven_repository\com\jcraft\jsch\0.1.53\jsch-0.1.53.jar;D:\module\Maven\maven_repository\org\apache\logging\log4j\log4j-core\2.8.2\log4j-core-2.8.2.jar;D:\module\Maven\maven_repository\org\apache\logging\log4j\log4j-api\2.11.2\log4j-api-2.11.2.jar;D:\module\Maven\maven_repository\org\ini4j\ini4j\0.5.4\ini4j-0.5.4.jar;D:\module\Maven\maven_repository\org\apache\commons\commons-lang3\3.0\commons-lang3-3.0.jar;D:\module\Maven\maven_repository\org\projectlombok\lombok\1.16.10\lombok-1.16.10.jar;D:\module\Maven\maven_repository\junit\junit\4.13\junit-4.13.jar;"/>
    <property name="java.vm.vendor" value="Oracle Corporation"/>
    <property name="sun.arch.data.model" value="64"/>
    <property name="user.variant" value=""/>
    <property name="java.vendor.url" value="http://java.oracle.com/"/>
    <property name="user.timezone" value="Asia/Shanghai"/>
    <property name="java.vm.specification.version" value="1.8"/>
    <property name="os.name" value="Windows 10"/>
    <property name="user.country" value="CN"/>
    <property name="sun.java.launcher" value="SUN_STANDARD"/>
    <property name="sun.boot.library.path" value="D:\module\Java\jdk1.8.0_144\jre\bin"/>
    <property name="sun.java.command" value="C:\Users\Nero\AppData\Local\Temp\surefire6659355178781482870\surefirebooter449522652403848778.jar C:\Users\Nero\AppData\Local\Temp\surefire6659355178781482870 2020-03-12T13-04-28_280-jvmRun1 surefire925025387048470802tmp surefire_03546797217508598827tmp"/>
    <property name="surefire.test.class.path" value="D:\gitRepository\PublicOpinionSystem\project\PublicOpinionSystem\target\test-classes;D:\gitRepository\PublicOpinionSystem\project\PublicOpinionSystem\target\classes;D:\module\Maven\maven_repository\org\springframework\boot\spring-boot-starter\2.1.3.RELEASE\spring-boot-starter-2.1.3.RELEASE.jar;D:\module\Maven\maven_repository\org\springframework\boot\spring-boot\2.1.3.RELEASE\spring-boot-2.1.3.RELEASE.jar;D:\module\Maven\maven_repository\org\springframework\spring-context\5.1.5.RELEASE\spring-context-5.1.5.RELEASE.jar;D:\module\Maven\maven_repository\org\springframework\boot\spring-boot-autoconfigure\2.1.3.RELEASE\spring-boot-autoconfigure-2.1.3.RELEASE.jar;D:\module\Maven\maven_repository\org\springframework\boot\spring-boot-starter-logging\2.1.3.RELEASE\spring-boot-starter-logging-2.1.3.RELEASE.jar;D:\module\Maven\maven_repository\ch\qos\logback\logback-classic\1.2.3\logback-classic-1.2.3.jar;D:\module\Maven\maven_repository\ch\qos\logback\logback-core\1.2.3\logback-core-1.2.3.jar;D:\module\Maven\maven_repository\org\apache\logging\log4j\log4j-to-slf4j\2.11.2\log4j-to-slf4j-2.11.2.jar;D:\module\Maven\maven_repository\org\slf4j\jul-to-slf4j\1.7.25\jul-to-slf4j-1.7.25.jar;D:\module\Maven\maven_repository\javax\annotation\javax.annotation-api\1.3.2\javax.annotation-api-1.3.2.jar;D:\module\Maven\maven_repository\org\springframework\spring-core\5.1.5.RELEASE\spring-core-5.1.5.RELEASE.jar;D:\module\Maven\maven_repository\org\springframework\spring-jcl\5.1.5.RELEASE\spring-jcl-5.1.5.RELEASE.jar;D:\module\Maven\maven_repository\org\yaml\snakeyaml\1.23\snakeyaml-1.23.jar;D:\module\Maven\maven_repository\org\springframework\boot\spring-boot-starter-test\2.1.3.RELEASE\spring-boot-starter-test-2.1.3.RELEASE.jar;D:\module\Maven\maven_repository\org\springframework\boot\spring-boot-test\2.1.3.RELEASE\spring-boot-test-2.1.3.RELEASE.jar;D:\module\Maven\maven_repository\org\springframework\boot\spring-boot-test-autoconfigure\2.1.3.RELEASE\spring-boot-test-autoconfigure-2.1.3.RELEASE.jar;D:\module\Maven\maven_repository\com\jayway\jsonpath\json-path\2.4.0\json-path-2.4.0.jar;D:\module\Maven\maven_repository\net\minidev\json-smart\2.3\json-smart-2.3.jar;D:\module\Maven\maven_repository\net\minidev\accessors-smart\1.2\accessors-smart-1.2.jar;D:\module\Maven\maven_repository\org\ow2\asm\asm\5.0.4\asm-5.0.4.jar;D:\module\Maven\maven_repository\org\assertj\assertj-core\3.11.1\assertj-core-3.11.1.jar;D:\module\Maven\maven_repository\org\mockito\mockito-core\2.23.4\mockito-core-2.23.4.jar;D:\module\Maven\maven_repository\net\bytebuddy\byte-buddy\1.9.10\byte-buddy-1.9.10.jar;D:\module\Maven\maven_repository\net\bytebuddy\byte-buddy-agent\1.9.10\byte-buddy-agent-1.9.10.jar;D:\module\Maven\maven_repository\org\objenesis\objenesis\2.6\objenesis-2.6.jar;D:\module\Maven\maven_repository\org\hamcrest\hamcrest-core\1.3\hamcrest-core-1.3.jar;D:\module\Maven\maven_repository\org\hamcrest\hamcrest-library\1.3\hamcrest-library-1.3.jar;D:\module\Maven\maven_repository\org\skyscreamer\jsonassert\1.5.0\jsonassert-1.5.0.jar;D:\module\Maven\maven_repository\com\vaadin\external\google\android-json\0.0.20131108.vaadin1\android-json-0.0.20131108.vaadin1.jar;D:\module\Maven\maven_repository\org\springframework\spring-test\5.1.5.RELEASE\spring-test-5.1.5.RELEASE.jar;D:\module\Maven\maven_repository\org\xmlunit\xmlunit-core\2.6.2\xmlunit-core-2.6.2.jar;D:\module\Maven\maven_repository\org\springframework\boot\spring-boot-devtools\2.1.3.RELEASE\spring-boot-devtools-2.1.3.RELEASE.jar;D:\module\Maven\maven_repository\org\springframework\boot\spring-boot-starter-web\2.1.3.RELEASE\spring-boot-starter-web-2.1.3.RELEASE.jar;D:\module\Maven\maven_repository\org\springframework\boot\spring-boot-starter-json\2.1.3.RELEASE\spring-boot-starter-json-2.1.3.RELEASE.jar;D:\module\Maven\maven_repository\com\fasterxml\jackson\core\jackson-databind\2.9.8\jackson-databind-2.9.8.jar;D:\module\Maven\maven_repository\com\fasterxml\jackson\core\jackson-annotations\2.9.0\jackson-annotations-2.9.0.jar;D:\module\Maven\maven_repository\com\fasterxml\jackson\core\jackson-core\2.9.8\jackson-core-2.9.8.jar;D:\module\Maven\maven_repository\com\fasterxml\jackson\datatype\jackson-datatype-jdk8\2.9.8\jackson-datatype-jdk8-2.9.8.jar;D:\module\Maven\maven_repository\com\fasterxml\jackson\datatype\jackson-datatype-jsr310\2.9.8\jackson-datatype-jsr310-2.9.8.jar;D:\module\Maven\maven_repository\com\fasterxml\jackson\module\jackson-module-parameter-names\2.9.8\jackson-module-parameter-names-2.9.8.jar;D:\module\Maven\maven_repository\org\springframework\boot\spring-boot-starter-tomcat\2.1.3.RELEASE\spring-boot-starter-tomcat-2.1.3.RELEASE.jar;D:\module\Maven\maven_repository\org\apache\tomcat\embed\tomcat-embed-core\9.0.16\tomcat-embed-core-9.0.16.jar;D:\module\Maven\maven_repository\org\apache\tomcat\embed\tomcat-embed-el\9.0.16\tomcat-embed-el-9.0.16.jar;D:\module\Maven\maven_repository\org\apache\tomcat\embed\tomcat-embed-websocket\9.0.16\tomcat-embed-websocket-9.0.16.jar;D:\module\Maven\maven_repository\org\hibernate\validator\hibernate-validator\6.0.14.Final\hibernate-validator-6.0.14.Final.jar;D:\module\Maven\maven_repository\javax\validation\validation-api\2.0.1.Final\validation-api-2.0.1.Final.jar;D:\module\Maven\maven_repository\org\jboss\logging\jboss-logging\3.3.2.Final\jboss-logging-3.3.2.Final.jar;D:\module\Maven\maven_repository\com\fasterxml\classmate\1.4.0\classmate-1.4.0.jar;D:\module\Maven\maven_repository\org\springframework\spring-web\5.1.5.RELEASE\spring-web-5.1.5.RELEASE.jar;D:\module\Maven\maven_repository\org\springframework\spring-beans\5.1.5.RELEASE\spring-beans-5.1.5.RELEASE.jar;D:\module\Maven\maven_repository\org\springframework\spring-webmvc\5.1.5.RELEASE\spring-webmvc-5.1.5.RELEASE.jar;D:\module\Maven\maven_repository\org\springframework\spring-aop\5.1.5.RELEASE\spring-aop-5.1.5.RELEASE.jar;D:\module\Maven\maven_repository\org\springframework\spring-expression\5.1.5.RELEASE\spring-expression-5.1.5.RELEASE.jar;D:\module\Maven\maven_repository\org\springframework\boot\spring-boot-starter-data-jpa\2.1.3.RELEASE\spring-boot-starter-data-jpa-2.1.3.RELEASE.jar;D:\module\Maven\maven_repository\org\springframework\boot\spring-boot-starter-aop\2.1.3.RELEASE\spring-boot-starter-aop-2.1.3.RELEASE.jar;D:\module\Maven\maven_repository\org\aspectj\aspectjweaver\1.9.2\aspectjweaver-1.9.2.jar;D:\module\Maven\maven_repository\org\springframework\boot\spring-boot-starter-jdbc\2.1.3.RELEASE\spring-boot-starter-jdbc-2.1.3.RELEASE.jar;D:\module\Maven\maven_repository\com\zaxxer\HikariCP\3.2.0\HikariCP-3.2.0.jar;D:\module\Maven\maven_repository\org\springframework\spring-jdbc\5.1.5.RELEASE\spring-jdbc-5.1.5.RELEASE.jar;D:\module\Maven\maven_repository\javax\transaction\javax.transaction-api\1.3\javax.transaction-api-1.3.jar;D:\module\Maven\maven_repository\javax\xml\bind\jaxb-api\2.3.1\jaxb-api-2.3.1.jar;D:\module\Maven\maven_repository\javax\activation\javax.activation-api\1.2.0\javax.activation-api-1.2.0.jar;D:\module\Maven\maven_repository\org\hibernate\hibernate-core\5.3.7.Final\hibernate-core-5.3.7.Final.jar;D:\module\Maven\maven_repository\javax\persistence\javax.persistence-api\2.2\javax.persistence-api-2.2.jar;D:\module\Maven\maven_repository\org\javassist\javassist\3.23.1-GA\javassist-3.23.1-GA.jar;D:\module\Maven\maven_repository\antlr\antlr\2.7.7\antlr-2.7.7.jar;D:\module\Maven\maven_repository\org\jboss\jandex\2.0.5.Final\jandex-2.0.5.Final.jar;D:\module\Maven\maven_repository\org\dom4j\dom4j\2.1.1\dom4j-2.1.1.jar;D:\module\Maven\maven_repository\org\hibernate\common\hibernate-commons-annotations\5.0.4.Final\hibernate-commons-annotations-5.0.4.Final.jar;D:\module\Maven\maven_repository\org\springframework\data\spring-data-jpa\2.1.5.RELEASE\spring-data-jpa-2.1.5.RELEASE.jar;D:\module\Maven\maven_repository\org\springframework\data\spring-data-commons\2.1.5.RELEASE\spring-data-commons-2.1.5.RELEASE.jar;D:\module\Maven\maven_repository\org\springframework\spring-orm\5.1.5.RELEASE\spring-orm-5.1.5.RELEASE.jar;D:\module\Maven\maven_repository\org\springframework\spring-tx\5.1.5.RELEASE\spring-tx-5.1.5.RELEASE.jar;D:\module\Maven\maven_repository\org\springframework\spring-aspects\5.1.5.RELEASE\spring-aspects-5.1.5.RELEASE.jar;D:\module\Maven\maven_repository\mysql\mysql-connector-java\8.0.15\mysql-connector-java-8.0.15.jar;D:\module\Maven\maven_repository\org\apache\hadoop\hadoop-common\2.7.2\hadoop-common-2.7.2.jar;D:\module\Maven\maven_repository\org\apache\hadoop\hadoop-annotations\2.7.2\hadoop-annotations-2.7.2.jar;D:\module\Java\jdk1.8.0_144\jre\..\lib\tools.jar;D:\module\Maven\maven_repository\com\google\guava\guava\11.0.2\guava-11.0.2.jar;D:\module\Maven\maven_repository\commons-cli\commons-cli\1.2\commons-cli-1.2.jar;D:\module\Maven\maven_repository\org\apache\commons\commons-math3\3.1.1\commons-math3-3.1.1.jar;D:\module\Maven\maven_repository\xmlenc\xmlenc\0.52\xmlenc-0.52.jar;D:\module\Maven\maven_repository\commons-httpclient\commons-httpclient\3.1\commons-httpclient-3.1.jar;D:\module\Maven\maven_repository\commons-codec\commons-codec\1.11\commons-codec-1.11.jar;D:\module\Maven\maven_repository\commons-io\commons-io\2.4\commons-io-2.4.jar;D:\module\Maven\maven_repository\commons-net\commons-net\3.1\commons-net-3.1.jar;D:\module\Maven\maven_repository\commons-collections\commons-collections\3.2.2\commons-collections-3.2.2.jar;D:\module\Maven\maven_repository\javax\servlet\servlet-api\2.5\servlet-api-2.5.jar;D:\module\Maven\maven_repository\org\mortbay\jetty\jetty\6.1.26\jetty-6.1.26.jar;D:\module\Maven\maven_repository\org\mortbay\jetty\jetty-util\6.1.26\jetty-util-6.1.26.jar;D:\module\Maven\maven_repository\javax\servlet\jsp\jsp-api\2.1\jsp-api-2.1.jar;D:\module\Maven\maven_repository\com\sun\jersey\jersey-core\1.9\jersey-core-1.9.jar;D:\module\Maven\maven_repository\com\sun\jersey\jersey-json\1.9\jersey-json-1.9.jar;D:\module\Maven\maven_repository\org\codehaus\jettison\jettison\1.1\jettison-1.1.jar;D:\module\Maven\maven_repository\com\sun\xml\bind\jaxb-impl\2.2.3-1\jaxb-impl-2.2.3-1.jar;D:\module\Maven\maven_repository\org\codehaus\jackson\jackson-jaxrs\1.8.3\jackson-jaxrs-1.8.3.jar;D:\module\Maven\maven_repository\org\codehaus\jackson\jackson-xc\1.8.3\jackson-xc-1.8.3.jar;D:\module\Maven\maven_repository\com\sun\jersey\jersey-server\1.9\jersey-server-1.9.jar;D:\module\Maven\maven_repository\asm\asm\3.1\asm-3.1.jar;D:\module\Maven\maven_repository\commons-logging\commons-logging\1.1.3\commons-logging-1.1.3.jar;D:\module\Maven\maven_repository\log4j\log4j\1.2.17\log4j-1.2.17.jar;D:\module\Maven\maven_repository\net\java\dev\jets3t\jets3t\0.9.0\jets3t-0.9.0.jar;D:\module\Maven\maven_repository\org\apache\httpcomponents\httpclient\4.5.7\httpclient-4.5.7.jar;D:\module\Maven\maven_repository\org\apache\httpcomponents\httpcore\4.4.11\httpcore-4.4.11.jar;D:\module\Maven\maven_repository\com\jamesmurty\utils\java-xmlbuilder\0.4\java-xmlbuilder-0.4.jar;D:\module\Maven\maven_repository\commons-lang\commons-lang\2.6\commons-lang-2.6.jar;D:\module\Maven\maven_repository\commons-configuration\commons-configuration\1.6\commons-configuration-1.6.jar;D:\module\Maven\maven_repository\commons-digester\commons-digester\1.8\commons-digester-1.8.jar;D:\module\Maven\maven_repository\commons-beanutils\commons-beanutils\1.7.0\commons-beanutils-1.7.0.jar;D:\module\Maven\maven_repository\commons-beanutils\commons-beanutils-core\1.8.0\commons-beanutils-core-1.8.0.jar;D:\module\Maven\maven_repository\org\slf4j\slf4j-api\1.7.25\slf4j-api-1.7.25.jar;D:\module\Maven\maven_repository\org\slf4j\slf4j-log4j12\1.7.25\slf4j-log4j12-1.7.25.jar;D:\module\Maven\maven_repository\org\codehaus\jackson\jackson-core-asl\1.9.13\jackson-core-asl-1.9.13.jar;D:\module\Maven\maven_repository\org\codehaus\jackson\jackson-mapper-asl\1.9.13\jackson-mapper-asl-1.9.13.jar;D:\module\Maven\maven_repository\org\apache\avro\avro\1.7.4\avro-1.7.4.jar;D:\module\Maven\maven_repository\com\thoughtworks\paranamer\paranamer\2.3\paranamer-2.3.jar;D:\module\Maven\maven_repository\org\xerial\snappy\snappy-java\1.0.4.1\snappy-java-1.0.4.1.jar;D:\module\Maven\maven_repository\com\google\protobuf\protobuf-java\2.5.0\protobuf-java-2.5.0.jar;D:\module\Maven\maven_repository\com\google\code\gson\gson\2.8.5\gson-2.8.5.jar;D:\module\Maven\maven_repository\org\apache\hadoop\hadoop-auth\2.7.2\hadoop-auth-2.7.2.jar;D:\module\Maven\maven_repository\org\apache\directory\server\apacheds-kerberos-codec\2.0.0-M15\apacheds-kerberos-codec-2.0.0-M15.jar;D:\module\Maven\maven_repository\org\apache\directory\server\apacheds-i18n\2.0.0-M15\apacheds-i18n-2.0.0-M15.jar;D:\module\Maven\maven_repository\org\apache\directory\api\api-asn1-api\1.0.0-M20\api-asn1-api-1.0.0-M20.jar;D:\module\Maven\maven_repository\org\apache\directory\api\api-util\1.0.0-M20\api-util-1.0.0-M20.jar;D:\module\Maven\maven_repository\org\apache\curator\curator-framework\2.7.1\curator-framework-2.7.1.jar;D:\module\Maven\maven_repository\org\apache\curator\curator-client\2.7.1\curator-client-2.7.1.jar;D:\module\Maven\maven_repository\org\apache\curator\curator-recipes\2.7.1\curator-recipes-2.7.1.jar;D:\module\Maven\maven_repository\com\google\code\findbugs\jsr305\3.0.0\jsr305-3.0.0.jar;D:\module\Maven\maven_repository\org\apache\htrace\htrace-core\3.1.0-incubating\htrace-core-3.1.0-incubating.jar;D:\module\Maven\maven_repository\org\apache\zookeeper\zookeeper\3.4.6\zookeeper-3.4.6.jar;D:\module\Maven\maven_repository\org\apache\commons\commons-compress\1.4.1\commons-compress-1.4.1.jar;D:\module\Maven\maven_repository\org\tukaani\xz\1.0\xz-1.0.jar;D:\module\Maven\maven_repository\org\apache\hadoop\hadoop-client\2.7.2\hadoop-client-2.7.2.jar;D:\module\Maven\maven_repository\org\apache\hadoop\hadoop-mapreduce-client-app\2.7.2\hadoop-mapreduce-client-app-2.7.2.jar;D:\module\Maven\maven_repository\org\apache\hadoop\hadoop-mapreduce-client-common\2.7.2\hadoop-mapreduce-client-common-2.7.2.jar;D:\module\Maven\maven_repository\org\apache\hadoop\hadoop-yarn-client\2.7.2\hadoop-yarn-client-2.7.2.jar;D:\module\Maven\maven_repository\org\apache\hadoop\hadoop-yarn-server-common\2.7.2\hadoop-yarn-server-common-2.7.2.jar;D:\module\Maven\maven_repository\org\apache\hadoop\hadoop-mapreduce-client-shuffle\2.7.2\hadoop-mapreduce-client-shuffle-2.7.2.jar;D:\module\Maven\maven_repository\org\apache\hadoop\hadoop-yarn-api\2.7.2\hadoop-yarn-api-2.7.2.jar;D:\module\Maven\maven_repository\org\apache\hadoop\hadoop-mapreduce-client-core\2.7.2\hadoop-mapreduce-client-core-2.7.2.jar;D:\module\Maven\maven_repository\org\apache\hadoop\hadoop-yarn-common\2.7.2\hadoop-yarn-common-2.7.2.jar;D:\module\Maven\maven_repository\com\sun\jersey\jersey-client\1.9\jersey-client-1.9.jar;D:\module\Maven\maven_repository\org\apache\hadoop\hadoop-mapreduce-client-jobclient\2.7.2\hadoop-mapreduce-client-jobclient-2.7.2.jar;D:\module\Maven\maven_repository\org\apache\hadoop\hadoop-hdfs\2.7.2\hadoop-hdfs-2.7.2.jar;D:\module\Maven\maven_repository\commons-daemon\commons-daemon\1.0.13\commons-daemon-1.0.13.jar;D:\module\Maven\maven_repository\io\netty\netty\3.6.2.Final\netty-3.6.2.Final.jar;D:\module\Maven\maven_repository\io\netty\netty-all\4.1.33.Final\netty-all-4.1.33.Final.jar;D:\module\Maven\maven_repository\xerces\xercesImpl\2.9.1\xercesImpl-2.9.1.jar;D:\module\Maven\maven_repository\xml-apis\xml-apis\1.4.01\xml-apis-1.4.01.jar;D:\module\Maven\maven_repository\org\fusesource\leveldbjni\leveldbjni-all\1.8\leveldbjni-all-1.8.jar;D:\module\Maven\maven_repository\org\jetbrains\annotations\19.0.0\annotations-19.0.0.jar;D:\module\Maven\maven_repository\com\alibaba\fastjson\1.2.61\fastjson-1.2.61.jar;D:\module\Maven\maven_repository\com\jcraft\jsch\0.1.53\jsch-0.1.53.jar;D:\module\Maven\maven_repository\org\apache\logging\log4j\log4j-core\2.8.2\log4j-core-2.8.2.jar;D:\module\Maven\maven_repository\org\apache\logging\log4j\log4j-api\2.11.2\log4j-api-2.11.2.jar;D:\module\Maven\maven_repository\org\ini4j\ini4j\0.5.4\ini4j-0.5.4.jar;D:\module\Maven\maven_repository\org\apache\commons\commons-lang3\3.0\commons-lang3-3.0.jar;D:\module\Maven\maven_repository\org\projectlombok\lombok\1.16.10\lombok-1.16.10.jar;D:\module\Maven\maven_repository\junit\junit\4.13\junit-4.13.jar;"/>
    <property name="sun.cpu.endian" value="little"/>
    <property name="user.home" value="C:\Users\Nero"/>
    <property name="user.language" value="zh"/>
    <property name="java.specification.vendor" value="Oracle Corporation"/>
    <property name="java.home" value="D:\module\Java\jdk1.8.0_144\jre"/>
    <property name="basedir" value="D:\gitRepository\PublicOpinionSystem\project\PublicOpinionSystem"/>
    <property name="file.separator" value="\"/>
    <property name="line.separator" value="&#10;"/>
    <property name="java.vm.specification.vendor" value="Oracle Corporation"/>
    <property name="java.specification.name" value="Java Platform API Specification"/>
    <property name="java.awt.graphicsenv" value="sun.awt.Win32GraphicsEnvironment"/>
    <property name="surefire.real.class.path" value="C:\Users\Nero\AppData\Local\Temp\surefire6659355178781482870\surefirebooter449522652403848778.jar"/>
    <property name="sun.boot.class.path" value="D:\module\Java\jdk1.8.0_144\jre\lib\resources.jar;D:\module\Java\jdk1.8.0_144\jre\lib\rt.jar;D:\module\Java\jdk1.8.0_144\jre\lib\sunrsasign.jar;D:\module\Java\jdk1.8.0_144\jre\lib\jsse.jar;D:\module\Java\jdk1.8.0_144\jre\lib\jce.jar;D:\module\Java\jdk1.8.0_144\jre\lib\charsets.jar;D:\module\Java\jdk1.8.0_144\jre\lib\jfr.jar;D:\module\Java\jdk1.8.0_144\jre\classes"/>
    <property name="user.script" value=""/>
    <property name="sun.management.compiler" value="HotSpot 64-Bit Tiered Compilers"/>
    <property name="java.runtime.version" value="1.8.0_144-b01"/>
    <property name="user.name" value="Nero"/>
    <property name="path.separator" value=";"/>
    <property name="os.version" value="10.0"/>
    <property name="java.endorsed.dirs" value="D:\module\Java\jdk1.8.0_144\jre\lib\endorsed"/>
    <property name="java.runtime.name" value="Java(TM) SE Runtime Environment"/>
    <property name="file.encoding" value="GBK"/>
    <property name="java.vm.name" value="Java HotSpot(TM) 64-Bit Server VM"/>
    <property name="localRepository" value="D:\module\Maven\maven_repository"/>
    <property name="java.vendor.url.bug" value="http://bugreport.sun.com/bugreport/"/>
    <property name="java.io.tmpdir" value="C:\Users\Nero\AppData\Local\Temp\"/>
    <property name="java.version" value="1.8.0_144"/>
    <property name="user.dir" value="D:\gitRepository\PublicOpinionSystem\project\PublicOpinionSystem"/>
    <property name="os.arch" value="amd64"/>
    <property name="java.vm.specification.name" value="Java Virtual Machine Specification"/>
    <property name="java.awt.printerjob" value="sun.awt.windows.WPrinterJob"/>
    <property name="sun.os.patch.level" value=""/>
    <property name="idea.version2019.3.3" value="true"/>
    <property name="java.library.path" value="D:\module\Java\jdk1.8.0_144\jre\bin;C:\Windows\Sun\Java\bin;C:\Windows\system32;C:\Windows;D:\software\Xshell\Xshell 6\;C:\ProgramData\Oracle\Java\javapath;D:\software\xftp6\;D:\module\python\Scripts\;D:\module\python\;C:\Windows\system32;C:\Windows;C:\Windows\System32\Wbem;C:\Windows\System32\WindowsPowerShell\v1.0\;C:\Windows\System32\OpenSSH\;D:\module\MySQL\MySQL Server 5.7\bin;D:\module\Maven\apache-maven-3.6.3\bin;D:\module\Java\jdk1.8.0_144\bin;&quot;D:\module\Java\jdk1.8.0_144\bin;D:\module\Java\jdk1.8.0_144\jre\bin&quot;;D:\module\Git\cmd;C:\Program Files (x86)\NVIDIA Corporation\PhysX\Common;D:\module\hadoop-2.7.2\bin;C:\Users\Nero\AppData\Local\Microsoft\WindowsApps;D:\software\Bandizip\;D:\module\Microsoft VS Code\bin;C:\Users\Nero\AppData\Local\GitHubDesktop\bin;."/>
    <property name="java.vm.info" value="mixed mode"/>
    <property name="java.vendor" value="Oracle Corporation"/>
    <property name="java.vm.version" value="25.144-b01"/>
    <property name="java.ext.dirs" value="D:\module\Java\jdk1.8.0_144\jre\lib\ext;C:\Windows\Sun\Java\lib\ext"/>
    <property name="sun.io.unicode.encoding" value="UnicodeLittle"/>
    <property name="java.class.version" value="52.0"/>
  </properties>
  <testcase name="test" classname="com.nex.service.web.SysUserServiceTest" time="0.157"/>
</testsuite>